This file contains any messages produced by compilers while
running configure, to aid debugging if configure makes a mistake.

It was created by configure, which was
generated by GNU Autoconf 2.61.  Invocation command line was

  $ ./configure --prefix=/home/scutar_n/rendu/CPP/cpp_arcade/install --enable-shared=yes

## --------- ##
## Platform. ##
## --------- ##

hostname = pc-scutar_n
uname -m = x86_64
uname -r = 4.7.2-2-default
uname -s = Linux
uname -v = #1 SMP PREEMPT Mon Aug 29 23:57:41 UTC 2016 (8a962cf)

/usr/bin/uname -p = x86_64
/bin/uname -X     = unknown

/bin/arch              = x86_64
/usr/bin/arch -k       = unknown
/usr/convex/getsysinfo = unknown
/usr/bin/hostinfo      = unknown
/bin/machine           = unknown
/usr/bin/oslevel       = unknown
/bin/universe          = unknown

PATH: /bin
PATH: /sbin
PATH: /usr/bin
PATH: /usr/sbin
PATH: /usr/heimdal/bin
PATH: /usr/heimdal/sbin
PATH: /home/scutar_n/bin


## ----------- ##
## Core tests. ##
## ----------- ##

configure:1944: loading site script /usr/share/site/x86_64-unknown-linux-gnu
| #!/bin/sh
| # Site script for configure. It is resourced via $CONFIG_SITE environment varaible.
| 
| # If user did not specify libdir, guess the correct target:
| # Use lib64 for 64 bit bi-arch targets, keep the default for the rest.
| if test "$libdir" = '${exec_prefix}/lib' ; then
| 
| 	ac_config_site_64bit_host=NONE
| 
| 	case "$host" in
| 	"" )
| 		# User did not specify host target.
| 		# The native platform x86_64 is a bi-arch platform.
| 		# Try to detect cross-compilation to inferior architecture.
| 
| 		# We are trying to guess 32-bit target compilation. It's not as easy as
| 		# it sounds, as there is possible several intermediate combinations.
| 		ac_config_site_cross_to_32bit_host=NONE
| 
| 		# User defined -m32 in CFLAGS or CXXFLAGS or CC or CXX:
| 		# (It's sufficient for 32-bit, but alone may cause mis-behavior of some checks.)
| 		case "$CFLAGS $CXXFLAGS $CC $CXX" in
| 		*-m32*)
| 			ac_config_site_cross_to_32bit_host=YES
| 			;;
| 		esac
| 
| 		# Running with linux32:
| 		# (Changes detected platform, but not the toolchain target.)
| 		case "`/bin/uname -i`" in
| 		x86_64 | ppc64 | s390x )
| 			;;
| 		* )
| 			ac_config_site_cross_to_32bit_host=YES
| 			;;
| 		esac
| 
| 		if test "x$ac_config_site_cross_to_32bit_host" = xNONE; then
| 			ac_config_site_64bit_host=YES
| 		fi
| 
| 		;;
| 	*x86_64* | *ppc64* | *s390x* )
| 		ac_config_site_64bit_host=YES
| 		;;
| 	esac
| 
| 	if test "x$ac_config_site_64bit_host" = xYES; then
| 		libdir='${exec_prefix}/lib64'
| 	fi
| fi
| 
| # If user did not specify libexecdir, set the correct target:
| # Nor FHS nor openSUSE allow prefix/libexec. Let's default to prefix/lib.
| 
| if test "$libexecdir" = '${exec_prefix}/libexec' ; then
| 	libexecdir='${exec_prefix}/lib'
| fi
| 
| # Continue with the standard behavior of configure defined in AC_SITE_LOAD:
| if test "x$prefix" != xNONE; then
| 	ac_site_file1=$prefix/share/config.site
| 	ac_site_file2=$prefix/etc/config.site
| else
| 	ac_site_file1=$ac_default_prefix/share/config.site
| 	ac_site_file2=$ac_default_prefix/etc/config.site
| fi
| for ac_site_file in "$ac_site_file1" "$ac_site_file2"
| do
| 	test "x$ac_site_file" = xNONE && continue
| 	if test /dev/null != "$ac_site_file" && test -r "$ac_site_file"; then
| 		{ $as_echo "/usr/share/site/x86_64-unknown-linux-gnu:${as_lineno-$LINENO}: loading site script $ac_site_file" >&5
| $as_echo "/usr/share/site/x86_64-unknown-linux-gnu: loading site script $ac_site_file" >&6;}
| 		sed 's/^/| /' "$ac_site_file" >&5
| 		. "$ac_site_file" \
| 			|| { { $as_echo "/usr/share/site/x86_64-unknown-linux-gnu:${as_lineno-$LINENO}: error: in \`$ac_pwd':" >&5
| $as_echo "/usr/share/site/x86_64-unknown-linux-gnu: error: in \`$ac_pwd':" >&2;}
| as_fn_error $? "failed to load site script $ac_site_file
| See \`config.log' for more details" "$LINENO" 5; }
| 	fi
| done
configure:2136: checking build system type
configure:2154: result: x86_64-unknown-linux-gnu
configure:2176: checking host system type
configure:2191: result: x86_64-unknown-linux-gnu
configure:2261: checking for gcc
configure:2277: found /usr/bin/gcc
configure:2288: result: gcc
configure:2526: checking for C compiler version
configure:2533: gcc --version >&5
gcc (SUSE Linux) 6.2.1 20160830 [gcc-6-branch revision 239856]
Copyright (C) 2016 Free Software Foundation, Inc.
This is free software; see the source for copying conditions.  There is NO
warranty; not even for MERCHANTABILITY or FITNESS FOR A PARTICULAR PURPOSE.

configure:2536: $? = 0
configure:2543: gcc -v >&5
Using built-in specs.
COLLECT_GCC=gcc
COLLECT_LTO_WRAPPER=/usr/lib64/gcc/x86_64-suse-linux/6/lto-wrapper
Target: x86_64-suse-linux
Configured with: ../configure --prefix=/usr --infodir=/usr/share/info --mandir=/usr/share/man --libdir=/usr/lib64 --libexecdir=/usr/lib64 --enable-languages=c,c++,objc,fortran,obj-c++,java,ada,go --enable-offload-targets=hsa --enable-checking=release --with-gxx-include-dir=/usr/include/c++/6 --enable-ssp --disable-libssp --disable-libvtv --disable-libcc1 --enable-plugin --with-bugurl=http://bugs.opensuse.org/ --with-pkgversion='SUSE Linux' --disable-libgcj --with-slibdir=/lib64 --with-system-zlib --enable-__cxa_atexit --enable-libstdcxx-allocator=new --disable-libstdcxx-pch --enable-version-specific-runtime-libs --enable-linker-build-id --enable-linux-futex --enable-gnu-indirect-function --program-suffix=-6 --without-system-libunwind --enable-multilib --with-arch-32=x86-64 --with-tune=generic --build=x86_64-suse-linux --host=x86_64-suse-linux
Thread model: posix
gcc version 6.2.1 20160830 [gcc-6-branch revision 239856] (SUSE Linux) 
configure:2546: $? = 0
configure:2553: gcc -V >&5
gcc: error: unrecognized command line option '-V'
gcc: fatal error: no input files
compilation terminated.
configure:2556: $? = 1
configure:2579: checking for C compiler default output file name
configure:2606: gcc    conftest.c  >&5
configure:2609: $? = 0
configure:2647: result: a.out
configure:2664: checking whether the C compiler works
configure:2674: ./a.out
configure:2677: $? = 0
configure:2694: result: yes
configure:2701: checking whether we are cross compiling
configure:2703: result: no
configure:2706: checking for suffix of executables
configure:2713: gcc -o conftest    conftest.c  >&5
configure:2716: $? = 0
configure:2740: result: 
configure:2746: checking for suffix of object files
configure:2772: gcc -c   conftest.c >&5
configure:2775: $? = 0
configure:2798: result: o
configure:2802: checking whether we are using the GNU C compiler
configure:2831: gcc -c   conftest.c >&5
configure:2837: $? = 0
configure:2854: result: yes
configure:2859: checking whether gcc accepts -g
configure:2889: gcc -c -g  conftest.c >&5
configure:2895: $? = 0
configure:2994: result: yes
configure:3011: checking for gcc option to accept ISO C89
configure:3085: gcc  -c -g -O2  conftest.c >&5
configure:3091: $? = 0
configure:3114: result: none needed
configure:3132: checking for a sed that does not truncate output
configure:3211: result: /bin/sed
configure:3229: checking for grep that handles long lines and -e
configure:3303: result: /bin/grep
configure:3308: checking for egrep
configure:3386: result: /bin/grep -E
configure:3391: checking for fgrep
configure:3469: result: /bin/grep -F
configure:3504: checking for ld used by gcc
configure:3571: result: /usr/x86_64-suse-linux/bin/ld
configure:3580: checking if the linker (/usr/x86_64-suse-linux/bin/ld) is GNU ld
configure:3595: result: yes
configure:3607: checking for BSD- or MS-compatible name lister (nm)
configure:3656: result: /usr/bin/nm -B
configure:3778: checking the name lister (/usr/bin/nm -B) interface
configure:3785: gcc -c -g -O2  conftest.c >&5
configure:3788: /usr/bin/nm -B "conftest.o"
configure:3791: output
0000000000000000 B some_variable
configure:3798: result: BSD nm
configure:3801: checking whether ln -s works
configure:3805: result: yes
configure:3813: checking the maximum length of command line arguments
configure:3939: result: 1572864
configure:3956: checking whether the shell understands some XSI constructs
configure:3966: result: yes
configure:3970: checking whether the shell understands "+="
configure:3976: result: yes
configure:4011: checking for /usr/x86_64-suse-linux/bin/ld option to reload object files
configure:4018: result: -r
configure:4087: checking for objdump
configure:4103: found /usr/bin/objdump
configure:4114: result: objdump
configure:4147: checking how to recognize dependent libraries
configure:4345: result: pass_all
configure:4405: checking for ar
configure:4421: found /usr/bin/ar
configure:4432: result: ar
configure:4514: checking for strip
configure:4530: found /usr/bin/strip
configure:4541: result: strip
configure:4617: checking for ranlib
configure:4633: found /usr/bin/ranlib
configure:4644: result: ranlib
configure:4738: checking command to parse /usr/bin/nm -B output from gcc object
configure:4856: gcc -c -g -O2  conftest.c >&5
configure:4859: $? = 0
configure:4863: /usr/bin/nm -B conftest.o \| sed -n -e 's/^.*[	 ]\([ABCDGIRSTW][ABCDGIRSTW]*\)[	 ][	 ]*\([_A-Za-z][_A-Za-z0-9]*\)$/\1 \2 \2/p' \> conftest.nm
configure:4866: $? = 0
configure:4920: gcc -o conftest -g -O2   conftest.c conftstm.o >&5
configure:4923: $? = 0
configure:4961: result: ok
configure:5057: gcc -c -g -O2  conftest.c >&5
configure:5060: $? = 0
configure:5840: checking how to run the C preprocessor
configure:5880: gcc -E  conftest.c
configure:5886: $? = 0
configure:5917: gcc -E  conftest.c
conftest.c:9:28: fatal error: ac_nonexistent.h: No such file or directory
 #include <ac_nonexistent.h>
                            ^
compilation terminated.
configure:5923: $? = 1
configure: failed program was:
| /* confdefs.h.  */
| #define PACKAGE_NAME ""
| #define PACKAGE_TARNAME ""
| #define PACKAGE_VERSION ""
| #define PACKAGE_STRING ""
| #define PACKAGE_BUGREPORT ""
| #define _GNU_SOURCE 1
| /* end confdefs.h.  */
| #include <ac_nonexistent.h>
configure:5956: result: gcc -E
configure:5985: gcc -E  conftest.c
configure:5991: $? = 0
configure:6022: gcc -E  conftest.c
conftest.c:9:28: fatal error: ac_nonexistent.h: No such file or directory
 #include <ac_nonexistent.h>
                            ^
compilation terminated.
configure:6028: $? = 1
configure: failed program was:
| /* confdefs.h.  */
| #define PACKAGE_NAME ""
| #define PACKAGE_TARNAME ""
| #define PACKAGE_VERSION ""
| #define PACKAGE_STRING ""
| #define PACKAGE_BUGREPORT ""
| #define _GNU_SOURCE 1
| /* end confdefs.h.  */
| #include <ac_nonexistent.h>
configure:6066: checking for ANSI C header files
configure:6096: gcc -c -g -O2  conftest.c >&5
configure:6102: $? = 0
configure:6201: gcc -o conftest -g -O2   conftest.c  >&5
configure:6204: $? = 0
configure:6210: ./conftest
configure:6213: $? = 0
configure:6230: result: yes
configure:6254: checking for sys/types.h
configure:6275: gcc -c -g -O2  conftest.c >&5
configure:6281: $? = 0
configure:6297: result: yes
configure:6254: checking for sys/stat.h
configure:6275: gcc -c -g -O2  conftest.c >&5
configure:6281: $? = 0
configure:6297: result: yes
configure:6254: checking for stdlib.h
configure:6275: gcc -c -g -O2  conftest.c >&5
configure:6281: $? = 0
configure:6297: result: yes
configure:6254: checking for string.h
configure:6275: gcc -c -g -O2  conftest.c >&5
configure:6281: $? = 0
configure:6297: result: yes
configure:6254: checking for memory.h
configure:6275: gcc -c -g -O2  conftest.c >&5
configure:6281: $? = 0
configure:6297: result: yes
configure:6254: checking for strings.h
configure:6275: gcc -c -g -O2  conftest.c >&5
configure:6281: $? = 0
configure:6297: result: yes
configure:6254: checking for inttypes.h
configure:6275: gcc -c -g -O2  conftest.c >&5
configure:6281: $? = 0
configure:6297: result: yes
configure:6254: checking for stdint.h
configure:6275: gcc -c -g -O2  conftest.c >&5
configure:6281: $? = 0
configure:6297: result: yes
configure:6254: checking for unistd.h
configure:6275: gcc -c -g -O2  conftest.c >&5
configure:6281: $? = 0
configure:6297: result: yes
configure:6313: checking for dlfcn.h
configure:6334: gcc -c -g -O2  conftest.c >&5
configure:6340: $? = 0
configure:6356: result: yes
configure:6850: checking for objdir
configure:6865: result: .libs
configure:7161: checking if gcc supports -fno-rtti -fno-exceptions
configure:7179: gcc -c -g -O2  -fno-rtti -fno-exceptions conftest.c >&5
cc1: warning: command line option '-fno-rtti' is valid for C++/ObjC++ but not for C
configure:7183: $? = 0
configure:7196: result: no
configure:7216: checking for gcc option to produce PIC
configure:7488: result: -fPIC -DPIC
configure:7500: checking if gcc PIC flag -fPIC -DPIC works
configure:7518: gcc -c -g -O2  -fPIC -DPIC -DPIC conftest.c >&5
configure:7522: $? = 0
configure:7535: result: yes
configure:7559: checking if gcc static flag -static works

## ---------------- ##
## Cache variables. ##
## ---------------- ##

ac_cv_build=x86_64-unknown-linux-gnu
ac_cv_c_compiler_gnu=yes
ac_cv_env_CCC_set=
ac_cv_env_CCC_value=
ac_cv_env_CC_set=
ac_cv_env_CC_value=
ac_cv_env_CFLAGS_set=
ac_cv_env_CFLAGS_value=
ac_cv_env_CPPFLAGS_set=
ac_cv_env_CPPFLAGS_value=
ac_cv_env_CPP_set=
ac_cv_env_CPP_value=
ac_cv_env_CXXCPP_set=
ac_cv_env_CXXCPP_value=
ac_cv_env_CXXFLAGS_set=
ac_cv_env_CXXFLAGS_value=
ac_cv_env_CXX_set=
ac_cv_env_CXX_value=
ac_cv_env_LDFLAGS_set=
ac_cv_env_LDFLAGS_value=
ac_cv_env_LIBS_set=
ac_cv_env_LIBS_value=
ac_cv_env_XMKMF_set=
ac_cv_env_XMKMF_value=
ac_cv_env_build_alias_set=
ac_cv_env_build_alias_value=
ac_cv_env_host_alias_set=
ac_cv_env_host_alias_value=
ac_cv_env_target_alias_set=
ac_cv_env_target_alias_value=
ac_cv_header_dlfcn_h=yes
ac_cv_header_inttypes_h=yes
ac_cv_header_memory_h=yes
ac_cv_header_stdc=yes
ac_cv_header_stdint_h=yes
ac_cv_header_stdlib_h=yes
ac_cv_header_string_h=yes
ac_cv_header_strings_h=yes
ac_cv_header_sys_stat_h=yes
ac_cv_header_sys_types_h=yes
ac_cv_header_unistd_h=yes
ac_cv_host=x86_64-unknown-linux-gnu
ac_cv_objext=o
ac_cv_path_EGREP='/bin/grep -E'
ac_cv_path_FGREP='/bin/grep -F'
ac_cv_path_GREP=/bin/grep
ac_cv_path_SED=/bin/sed
ac_cv_prog_CPP='gcc -E'
ac_cv_prog_ac_ct_AR=ar
ac_cv_prog_ac_ct_CC=gcc
ac_cv_prog_ac_ct_OBJDUMP=objdump
ac_cv_prog_ac_ct_RANLIB=ranlib
ac_cv_prog_ac_ct_STRIP=strip
ac_cv_prog_cc_c89=
ac_cv_prog_cc_g=yes
lt_cv_deplibs_check_method=pass_all
lt_cv_file_magic_cmd='$MAGIC_CMD'
lt_cv_file_magic_test_file=
lt_cv_ld_reload_flag=-r
lt_cv_nm_interface='BSD nm'
lt_cv_objdir=.libs
lt_cv_path_LD=/usr/x86_64-suse-linux/bin/ld
lt_cv_path_NM='/usr/bin/nm -B'
lt_cv_prog_compiler_pic_works=yes
lt_cv_prog_compiler_rtti_exceptions=no
lt_cv_prog_compiler_static_works=no
lt_cv_prog_gnu_ld=yes
lt_cv_sys_global_symbol_pipe='sed -n -e '\''s/^.*[	 ]\([ABCDGIRSTW][ABCDGIRSTW]*\)[	 ][	 ]*\([_A-Za-z][_A-Za-z0-9]*\)$/\1 \2 \2/p'\'''
lt_cv_sys_global_symbol_to_c_name_address='sed -n -e '\''s/^: \([^ ]*\) $/  {\"\1\", (void *) 0},/p'\'' -e '\''s/^[ABCDGIRSTW]* \([^ ]*\) \([^ ]*\)$/  {"\2", (void *) \&\2},/p'\'''
lt_cv_sys_global_symbol_to_c_name_address_lib_prefix='sed -n -e '\''s/^: \([^ ]*\) $/  {\"\1\", (void *) 0},/p'\'' -e '\''s/^[ABCDGIRSTW]* \([^ ]*\) \(lib[^ ]*\)$/  {"\2", (void *) \&\2},/p'\'' -e '\''s/^[ABCDGIRSTW]* \([^ ]*\) \([^ ]*\)$/  {"lib\2", (void *) \&\2},/p'\'''
lt_cv_sys_global_symbol_to_cdecl='sed -n -e '\''s/^T .* \(.*\)$/extern int \1();/p'\'' -e '\''s/^[ABCDGIRSTW]* .* \(.*\)$/extern char \1;/p'\'''
lt_cv_sys_max_cmd_len=1572864

## ----------------- ##
## Output variables. ##
## ----------------- ##

ALLOCA=''
ALSA_CFLAGS=''
ALSA_LIBS=''
AR='ar'
ARTSCONFIG=''
AS='as'
BUILD_CFLAGS=''
BUILD_LDFLAGS=''
CACACONFIG=''
CC='gcc'
CFLAGS='-g -O2'
CPP='gcc -E'
CPPFLAGS=''
CXX=''
CXXCPP=''
CXXFLAGS=''
DEFS=''
DIRECTFBCONFIG=''
DLLTOOL='dlltool'
DSYMUTIL=''
DUMPBIN=''
ECHO_C=''
ECHO_N='-n'
ECHO_T=''
EGREP='/bin/grep -E'
ENABLE_SHARED_FALSE=''
ENABLE_SHARED_TRUE=''
ENABLE_STATIC_FALSE=''
ENABLE_STATIC_TRUE=''
ESD_CFLAGS=''
ESD_CONFIG=''
ESD_LIBS=''
EXEEXT=''
EXTRA_CFLAGS=''
EXTRA_LDFLAGS=''
FGREP='/bin/grep -F'
GREP='/bin/grep'
INCLUDE=''
INSTALL_DATA=''
INSTALL_PROGRAM=''
INSTALL_SCRIPT=''
LD='/usr/x86_64-suse-linux/bin/ld -m elf_x86_64'
LDFLAGS=' -static'
LIBOBJS=''
LIBS=''
LIBTOOL='$(SHELL) $(top_builddir)/libtool'
LIPO=''
LN_S='ln -s'
LTLIBOBJS=''
LT_AGE=''
LT_CURRENT=''
LT_RELEASE=''
LT_REVISION=''
NASM=''
NASMFLAGS=''
NM='/usr/bin/nm -B'
NMEDIT=''
OBJDUMP='objdump'
OBJECTS=''
OBJEXT='o'
OSMESA_CONFIG=''
OTOOL64=''
OTOOL=''
PACKAGE_BUGREPORT=''
PACKAGE_NAME=''
PACKAGE_STRING=''
PACKAGE_TARNAME=''
PACKAGE_VERSION=''
PATH_SEPARATOR=':'
PKG_CONFIG=''
POW_LIB=''
PTH_CONFIG=''
RANLIB='ranlib'
SDLMAIN_LDFLAGS=''
SDLMAIN_OBJECTS=''
SDLMAIN_SOURCES=''
SDL_BINARY_AGE='15'
SDL_CFLAGS=''
SDL_INTERFACE_AGE='4'
SDL_LIBS=''
SDL_MAJOR_VERSION='1'
SDL_MICRO_VERSION='15'
SDL_MINOR_VERSION='2'
SDL_RLD_FLAGS=''
SDL_STATIC_LIBS=''
SDL_VERSION='1.2.15'
SED='/bin/sed'
SET_MAKE=''
SHELL='/bin/sh'
SOURCES=''
STRIP='strip'
WINDRES=''
XMKMF=''
X_CFLAGS=''
X_EXTRA_LIBS=''
X_LIBS=''
X_PRE_LIBS=''
ac_aux_dir='./build-scripts'
ac_ct_CC='gcc'
ac_ct_CXX=''
ac_ct_DUMPBIN=''
bindir='${exec_prefix}/bin'
build='x86_64-unknown-linux-gnu'
build_alias=''
build_cpu='x86_64'
build_os='linux-gnu'
build_vendor='unknown'
datadir='${datarootdir}'
datarootdir='${prefix}/share'
docdir='${datarootdir}/doc/${PACKAGE}'
dvidir='${docdir}'
exec_prefix='NONE'
host='x86_64-unknown-linux-gnu'
host_alias=''
host_cpu='x86_64'
host_os='linux-gnu'
host_vendor='unknown'
htmldir='${docdir}'
includedir='${prefix}/include'
infodir='${datarootdir}/info'
libdir='${exec_prefix}/lib64'
libexecdir='${exec_prefix}/lib'
localedir='${datarootdir}/locale'
localstatedir='${prefix}/var'
lt_ECHO='echo'
mandir='${datarootdir}/man'
oldincludedir='/usr/include'
pdfdir='${docdir}'
prefix='/home/scutar_n/rendu/CPP/cpp_arcade/install'
program_transform_name='s,x,x,'
psdir='${docdir}'
sbindir='${exec_prefix}/sbin'
sharedstatedir='${prefix}/com'
sysconfdir='${prefix}/etc'
target_alias=''

## ----------- ##
## confdefs.h. ##
## ----------- ##

#define PACKAGE_NAME ""
#define PACKAGE_TARNAME ""
#define PACKAGE_VERSION ""
#define PACKAGE_STRING ""
#define PACKAGE_BUGREPORT ""
#define _GNU_SOURCE 1
#define STDC_HEADERS 1
#define HAVE_SYS_TYPES_H 1
#define HAVE_SYS_STAT_H 1
#define HAVE_STDLIB_H 1
#define HAVE_STRING_H 1
#define HAVE_MEMORY_H 1
#define HAVE_STRINGS_H 1
#define HAVE_INTTYPES_H 1
#define HAVE_STDINT_H 1
#define HAVE_UNISTD_H 1
#define HAVE_DLFCN_H 1
#define LT_OBJDIR ".libs/"

configure: caught signal 2
configure: exit 1
